<?xml version="1.0" encoding="UTF-8"?>
<!-- Generated by org.testng.reporters.JUnitReportReporter -->
<testsuite hostname="Abhay-PC" failures="0" tests="4" name="com.codemind.project.priorityOfTestCaseInTestNG" time="0.043" errors="0" timestamp="2022-10-18T05:22:20 PDT" skipped="0">
  <testcase classname="com.codemind.project.priorityOfTestCaseInTestNG" name="test4" time="0.003"/>
  <system-out/>
  <testcase classname="com.codemind.project.priorityOfTestCaseInTestNG" name="test5" time="0.005"/>
  <system-out/>
  <testcase classname="com.codemind.project.priorityOfTestCaseInTestNG" name="test6" time="0.002"/>
  <system-out/>
  <testcase classname="com.codemind.project.priorityOfTestCaseInTestNG" name="test2" time="0.033"/>
  <system-out/>
</testsuite> <!-- com.codemind.project.priorityOfTestCaseInTestNG -->
