<?xml version="1.0" encoding="UTF-8"?>
<!-- Generated by org.testng.reporters.JUnitReportReporter -->
<testsuite hostname="Abhay-PC" failures="0" tests="1" name="com.codemind.project.ReadingExcelFile" time="52.863" errors="0" timestamp="2022-10-29T01:25:42 PDT" skipped="0">
  <testcase classname="com.codemind.project.ReadingExcelFile" name="verifylogin" time="52.863"/>
  <system-out/>
</testsuite> <!-- com.codemind.project.ReadingExcelFile -->
