<?xml version="1.0" encoding="UTF-8"?>
<!-- Generated by org.testng.reporters.JUnitReportReporter -->
<testsuite hostname="Abhay-PC" failures="0" tests="2" name="ParellelExecution.Parellel2" time="87.009" errors="0" timestamp="2022-10-19T09:19:26 PDT" skipped="0">
  <testcase classname="ParellelExecution.Parellel2" name="launchBrowserWithGoogle" time="39.106"/>
  <system-out/>
  <testcase classname="ParellelExecution.Parellel2" name="launchBrowserWithAmazon" time="47.903"/>
  <system-out/>
</testsuite> <!-- ParellelExecution.Parellel2 -->
