<?xml version="1.0" encoding="UTF-8"?>
<!-- Generated by org.testng.reporters.JUnitReportReporter -->
<testsuite hostname="Abhay-PC" failures="0" tests="1" name="com.codemind.project.NewTest" time="0.036" errors="0" timestamp="2022-10-15T23:14:22 PDT" skipped="0">
  <testcase classname="com.codemind.project.NewTest" name="f" time="0.036"/>
  <system-out/>
</testsuite> <!-- com.codemind.project.NewTest -->
