<?xml version="1.0" encoding="UTF-8"?>
<!-- Generated by org.testng.reporters.JUnitReportReporter -->
<testsuite hostname="Abhay-PC" failures="0" tests="2" name="ParellelExecution.ParellelExecution" time="143.209" errors="0" timestamp="2022-10-19T09:19:26 PDT" skipped="0">
  <testcase classname="ParellelExecution.ParellelExecution" name="launchBrowserWithNewTours" time="45.932"/>
  <system-out/>
  <testcase classname="ParellelExecution.ParellelExecution" name="launchBrowserWithFlipkart" time="97.277"/>
  <system-out/>
</testsuite> <!-- ParellelExecution.ParellelExecution -->
