<?xml version="1.0" encoding="UTF-8"?>
<!-- Generated by org.testng.reporters.JUnitReportReporter -->
<testsuite hostname="Abhay-PC" failures="0" tests="2" name="com.test.allAnnotations" time="0.038" errors="0" timestamp="2022-10-16T00:13:49 PDT" skipped="0">
  <testcase classname="com.test.allAnnotations" name="test2" time="0.018"/>
  <system-out/>
  <testcase classname="com.test.allAnnotations" name="run" time="0.020"/>
  <system-out/>
</testsuite> <!-- com.test.allAnnotations -->
