<?xml version="1.0" encoding="UTF-8"?>
<!-- Generated by org.testng.reporters.JUnitReportReporter -->
<testsuite hostname="Abhay-PC" failures="0" tests="4" name="com.codemind.project.DataPoviderInTestng" time="149.365" errors="0" timestamp="2022-10-17T09:49:17 PDT" skipped="0">
  <testcase classname="com.codemind.project.DataPoviderInTestng" name="verifyValidLogin" time="46.195"/>
  <system-out/>
  <testcase classname="com.codemind.project.DataPoviderInTestng" name="verifyValidLogin" time="49.883"/>
  <system-out/>
  <testcase classname="com.codemind.project.DataPoviderInTestng" name="verifyValidLogin" time="29.854"/>
  <system-out/>
  <testcase classname="com.codemind.project.DataPoviderInTestng" name="verifyValidLogin" time="23.433"/>
  <system-out/>
</testsuite> <!-- com.codemind.project.DataPoviderInTestng -->
